0 info it worked if it ends with ok
1 verbose cli [ 'node', '/usr/bin/npm', 'start' ]
2 info using npm@1.4.7
3 info using node@v0.10.25
4 verbose node symlink /usr/bin/node
5 verbose run-script [ 'prestart', 'start', 'poststart' ]
6 info prestart gwiezdneWojny@0.0.1
7 info start gwiezdneWojny@0.0.1
8 verbose unsafe-perm in lifecycle true
9 info gwiezdneWojny@0.0.1 Failed to exec start script
10 error gwiezdneWojny@0.0.1 start: `node app`
10 error Exit status 8
11 error Failed at the gwiezdneWojny@0.0.1 start script.
11 error This is most likely a problem with the gwiezdneWojny package,
11 error not with npm itself.
11 error Tell the author that this fails on your system:
11 error     node app
11 error You can get their info via:
11 error     npm owner ls gwiezdneWojny
11 error There is likely additional logging output above.
12 error System Linux 3.8.0-31-generic
13 error command "node" "/usr/bin/npm" "start"
14 error cwd /home/student/Pulpit/gwiezdneWojny
15 error node -v v0.10.25
16 error npm -v 1.4.7
17 error code ELIFECYCLE
18 verbose exit [ 1, true ]
